<?xml version="1.0" encoding="UTF-8"?>
<testng-results ignored="0" total="2" passed="2" failed="0" skipped="0">
  <reporter-output>
  </reporter-output>
  <suite started-at="2026-04-12T11:53:31 IST" name="Surefire suite" finished-at="2026-04-12T11:53:39 IST" duration-ms="7191">
    <groups>
      <group name="cucumber">
        <method signature="AbstractTestNGCucumberTests.runScenario(io.cucumber.testng.PickleWrapper,io.cucumber.testng.FeatureWrapper)[pri:0, instance:com.swaglabs.runners.TestRunner@5db45159]" name="runScenario" class="io.cucumber.testng.AbstractTestNGCucumberTests"/>
      </group> <!-- cucumber -->
    </groups>
    <test started-at="2026-04-12T11:53:31 IST" name="Surefire test" finished-at="2026-04-12T11:53:39 IST" duration-ms="7191">
      <class name="com.swaglabs.runners.TestRunner">
        <test-method is-config="true" signature="setUpClass(org.testng.ITestContext)[pri:0, instance:com.swaglabs.runners.TestRunner@5db45159]" started-at="2026-04-12T11:53:31 IST" name="setUpClass" finished-at="2026-04-12T11:53:32 IST" duration-ms="529" status="PASS">
          <params>
            <param index="0">
              <value>
                <![CDATA[org.testng.TestRunner@69d23296]]>
              </value>
            </param>
          </params>
          <reporter-output>
          </reporter-output>
        </test-method> <!-- setUpClass -->
        <test-method signature="runScenario(io.cucumber.testng.PickleWrapper,io.cucumber.testng.FeatureWrapper)[pri:0, instance:com.swaglabs.runners.TestRunner@5db45159]" started-at="2026-04-12T11:53:32 IST" name="runScenario" description="Runs Cucumber Scenarios" data-provider="scenarios" finished-at="2026-04-12T11:53:36 IST" duration-ms="4375" status="PASS">
          <params>
            <param index="0">
              <value>
                <![CDATA["Add product to cart"]]>
              </value>
            </param>
            <param index="1">
              <value>
                <![CDATA["Add to cart functionality"]]>
              </value>
            </param>
          </params>
          <reporter-output>
          </reporter-output>
        </test-method> <!-- runScenario -->
        <test-method signature="runScenario(io.cucumber.testng.PickleWrapper,io.cucumber.testng.FeatureWrapper)[pri:0, instance:com.swaglabs.runners.TestRunner@5db45159]" started-at="2026-04-12T11:53:36 IST" name="runScenario" description="Runs Cucumber Scenarios" data-provider="scenarios" finished-at="2026-04-12T11:53:39 IST" duration-ms="2228" status="PASS">
          <params>
            <param index="0">
              <value>
                <![CDATA["Valid login"]]>
              </value>
            </param>
            <param index="1">
              <value>
                <![CDATA["Login functionality"]]>
              </value>
            </param>
          </params>
          <reporter-output>
          </reporter-output>
        </test-method> <!-- runScenario -->
        <test-method is-config="true" signature="tearDownClass()[pri:0, instance:com.swaglabs.runners.TestRunner@5db45159]" started-at="2026-04-12T11:53:39 IST" name="tearDownClass" finished-at="2026-04-12T11:53:39 IST" duration-ms="20" status="PASS">
          <reporter-output>
          </reporter-output>
        </test-method> <!-- tearDownClass -->
      </class> <!-- com.swaglabs.runners.TestRunner -->
    </test> <!-- Surefire test -->
  </suite> <!-- Surefire suite -->
</testng-results>
