<?xml version="1.0" encoding="UTF-8"?>
<!-- Generated by org.testng.reporters.JUnitReportReporter -->
<testsuite hostname="LAPTOP-20F161TF" failures="0" tests="2" name="com.swaglabs.runners.TestRunner" time="5.714" errors="0" timestamp="2026-03-31T21:59:30 IST" skipped="0">
  <testcase classname="com.swaglabs.runners.TestRunner" name="runScenario" time="2.218"/>
  <testcase classname="com.swaglabs.runners.TestRunner" name="runScenario" time="3.496"/>
</testsuite> <!-- com.swaglabs.runners.TestRunner -->
