<?xml version="1.0" encoding="UTF-8"?>
<!-- Generated by org.testng.reporters.JUnitReportReporter -->
<testsuite hostname="LAPTOP-20F161TF" failures="0" tests="2" name="com.swaglabs.runners.TestRunner" time="6.603" errors="0" timestamp="2026-04-12T11:53:39 IST" skipped="0">
  <testcase classname="com.swaglabs.runners.TestRunner" name="runScenario" time="4.375"/>
  <testcase classname="com.swaglabs.runners.TestRunner" name="runScenario" time="2.228"/>
</testsuite> <!-- com.swaglabs.runners.TestRunner -->
